Copyright 1986-2017 Xilinx, Inc. All Rights Reserved.
------------------------------------------------------------------------------------
| Tool Version : Vivado v.2017.4 (win64) Build 2086221 Fri Dec 15 20:55:39 MST 2017
| Date         : Fri Nov 22 16:46:55 2019
| Host         : Lab-9999 running 64-bit major release  (build 9200)
| Command      : upgrade_ip
| Device       : xc7z020clg400-2
------------------------------------------------------------------------------------

Upgrade Log for IP 'system_ad7606_sample_0_0'

1. Summary
----------

SUCCESS in the upgrade of system_ad7606_sample_0_0 (xilinx.com:user:ad7606_sample:1.0) from (Rev. 75) to (Rev. 76)






Copyright 1986-2017 Xilinx, Inc. All Rights Reserved.
------------------------------------------------------------------------------------
| Tool Version : Vivado v.2017.4 (win64) Build 2086221 Fri Dec 15 20:55:39 MST 2017
| Date         : Fri Nov 22 15:52:31 2019
| Host         : Lab-9999 running 64-bit major release  (build 9200)
| Command      : upgrade_ip
| Device       : xc7z020clg400-2
------------------------------------------------------------------------------------

Upgrade Log for IP 'system_ad7606_sample_0_0'

1. Summary
----------

SUCCESS in the upgrade of system_ad7606_sample_0_0 (xilinx.com:user:ad7606_sample:1.0) from (Rev. 74) to (Rev. 75)






Copyright 1986-2017 Xilinx, Inc. All Rights Reserved.
------------------------------------------------------------------------------------
| Tool Version : Vivado v.2017.4 (win64) Build 2086221 Fri Dec 15 20:55:39 MST 2017
| Date         : Fri Nov 22 09:47:07 2019
| Host         : Lab-9999 running 64-bit major release  (build 9200)
| Command      : upgrade_ip
| Device       : xc7z020clg400-2
------------------------------------------------------------------------------------

Upgrade Log for IP 'system_ad7606_sample_0_0'

1. Summary
----------

SUCCESS in the upgrade of system_ad7606_sample_0_0 (xilinx.com:user:ad7606_sample:1.0) from (Rev. 73) to (Rev. 74)






Copyright 1986-2017 Xilinx, Inc. All Rights Reserved.
------------------------------------------------------------------------------------
| Tool Version : Vivado v.2017.4 (win64) Build 2086221 Fri Dec 15 20:55:39 MST 2017
| Date         : Thu Nov 21 14:21:03 2019
| Host         : Lab-9999 running 64-bit major release  (build 9200)
| Command      : upgrade_ip
| Device       : xc7z020clg400-2
------------------------------------------------------------------------------------

Upgrade Log for IP 'system_ad7606_sample_0_0'

1. Summary
----------

SUCCESS in the upgrade of system_ad7606_sample_0_0 (xilinx.com:user:ad7606_sample:1.0) from (Rev. 72) to (Rev. 73)






Copyright 1986-2017 Xilinx, Inc. All Rights Reserved.
------------------------------------------------------------------------------------
| Tool Version : Vivado v.2017.4 (win64) Build 2086221 Fri Dec 15 20:55:39 MST 2017
| Date         : Wed Nov 20 20:55:31 2019
| Host         : Lab-9999 running 64-bit major release  (build 9200)
| Command      : upgrade_ip
| Device       : xc7z020clg400-2
------------------------------------------------------------------------------------

Upgrade Log for IP 'system_ad7606_sample_0_0'

1. Summary
----------

CAUTION (success, with warnings) in the upgrade of system_ad7606_sample_0_0 (xilinx.com:user:ad7606_sample:1.0) from (Rev. 71) to (Rev. 72)

After upgrade, an IP may have parameter and port differences compared to the original customization. Please review the parameters within the IP customization GUI to ensure proper functionality. Also, please review the updated IP instantiation template to ensure proper connectivity, and update your design if required.

2. Connection Warnings
----------------------

Detected external port differences while upgrading 'system_ad7606_sample_0_0'. These changes may impact your design.


-Upgraded port 'm00_axis_tdata' width 64 differs from original width 32

-Upgraded port 'm00_axis_tkeep' width 8 differs from original width 4







Copyright 1986-2017 Xilinx, Inc. All Rights Reserved.
------------------------------------------------------------------------------------
| Tool Version : Vivado v.2017.4 (win64) Build 2086221 Fri Dec 15 20:55:39 MST 2017
| Date         : Wed Nov 20 17:12:32 2019
| Host         : Lab-9999 running 64-bit major release  (build 9200)
| Command      : upgrade_ip
| Device       : xc7z020clg400-2
------------------------------------------------------------------------------------

Upgrade Log for IP 'system_ad7606_sample_0_0'

1. Summary
----------

SUCCESS in the upgrade of system_ad7606_sample_0_0 (xilinx.com:user:ad7606_sample:1.0) from (Rev. 70) to (Rev. 71)






Copyright 1986-2017 Xilinx, Inc. All Rights Reserved.
------------------------------------------------------------------------------------
| Tool Version : Vivado v.2017.4 (win64) Build 2086221 Fri Dec 15 20:55:39 MST 2017
| Date         : Tue Nov 19 22:03:35 2019
| Host         : Lab-9999 running 64-bit major release  (build 9200)
| Command      : upgrade_ip
| Device       : xc7z020clg400-2
------------------------------------------------------------------------------------

Upgrade Log for IP 'system_ad7606_sample_0_0'

1. Summary
----------

SUCCESS in the upgrade of system_ad7606_sample_0_0 (xilinx.com:user:ad7606_sample:1.0) from (Rev. 69) to (Rev. 70)






Copyright 1986-2017 Xilinx, Inc. All Rights Reserved.
------------------------------------------------------------------------------------
| Tool Version : Vivado v.2017.4 (win64) Build 2086221 Fri Dec 15 20:55:39 MST 2017
| Date         : Tue Nov 19 20:37:22 2019
| Host         : Lab-9999 running 64-bit major release  (build 9200)
| Command      : upgrade_ip
| Device       : xc7z020clg400-2
------------------------------------------------------------------------------------

Upgrade Log for IP 'system_ad7606_sample_0_0'

1. Summary
----------

SUCCESS in the upgrade of system_ad7606_sample_0_0 (xilinx.com:user:ad7606_sample:1.0) from (Rev. 68) to (Rev. 69)






Copyright 1986-2017 Xilinx, Inc. All Rights Reserved.
------------------------------------------------------------------------------------
| Tool Version : Vivado v.2017.4 (win64) Build 2086221 Fri Dec 15 20:55:39 MST 2017
| Date         : Tue Nov 19 20:32:21 2019
| Host         : Lab-9999 running 64-bit major release  (build 9200)
| Command      : upgrade_ip
| Device       : xc7z020clg400-2
------------------------------------------------------------------------------------

Upgrade Log for IP 'system_ad7606_sample_0_0'

1. Summary
----------

SUCCESS in the upgrade of system_ad7606_sample_0_0 (xilinx.com:user:ad7606_sample:1.0) from (Rev. 67) to (Rev. 68)






Copyright 1986-2017 Xilinx, Inc. All Rights Reserved.
------------------------------------------------------------------------------------
| Tool Version : Vivado v.2017.4 (win64) Build 2086221 Fri Dec 15 20:55:39 MST 2017
| Date         : Tue Nov 19 15:36:34 2019
| Host         : Lab-9999 running 64-bit major release  (build 9200)
| Command      : upgrade_ip
| Device       : xc7z020clg400-2
------------------------------------------------------------------------------------

Upgrade Log for IP 'system_ad7606_sample_0_0'

1. Summary
----------

SUCCESS in the upgrade of system_ad7606_sample_0_0 (xilinx.com:user:ad7606_sample:1.0) from (Rev. 66) to (Rev. 67)






Copyright 1986-2017 Xilinx, Inc. All Rights Reserved.
------------------------------------------------------------------------------------
| Tool Version : Vivado v.2017.4 (win64) Build 2086221 Fri Dec 15 20:55:39 MST 2017
| Date         : Tue Nov 19 15:26:38 2019
| Host         : Lab-9999 running 64-bit major release  (build 9200)
| Command      : upgrade_ip
| Device       : xc7z020clg400-2
------------------------------------------------------------------------------------

Upgrade Log for IP 'system_ad7606_sample_0_0'

1. Summary
----------

SUCCESS in the upgrade of system_ad7606_sample_0_0 (xilinx.com:user:ad7606_sample:1.0) from (Rev. 65) to (Rev. 66)






Copyright 1986-2017 Xilinx, Inc. All Rights Reserved.
------------------------------------------------------------------------------------
| Tool Version : Vivado v.2017.4 (win64) Build 2086221 Fri Dec 15 20:55:39 MST 2017
| Date         : Mon Nov 18 15:44:22 2019
| Host         : Lab-9999 running 64-bit major release  (build 9200)
| Command      : upgrade_ip
| Device       : xc7z020clg400-2
------------------------------------------------------------------------------------

Upgrade Log for IP 'system_ad7606_sample_0_0'

1. Summary
----------

SUCCESS in the upgrade of system_ad7606_sample_0_0 (xilinx.com:user:ad7606_sample:1.0) from (Rev. 64) to (Rev. 65)






Copyright 1986-2017 Xilinx, Inc. All Rights Reserved.
------------------------------------------------------------------------------------
| Tool Version : Vivado v.2017.4 (win64) Build 2086221 Fri Dec 15 20:55:39 MST 2017
| Date         : Mon Nov 18 13:49:01 2019
| Host         : Lab-9999 running 64-bit major release  (build 9200)
| Command      : upgrade_ip
| Device       : xc7z020clg400-2
------------------------------------------------------------------------------------

Upgrade Log for IP 'system_ad7606_sample_0_0'

1. Summary
----------

SUCCESS in the upgrade of system_ad7606_sample_0_0 (xilinx.com:user:ad7606_sample:1.0) from (Rev. 63) to (Rev. 64)






Copyright 1986-2017 Xilinx, Inc. All Rights Reserved.
------------------------------------------------------------------------------------
| Tool Version : Vivado v.2017.4 (win64) Build 2086221 Fri Dec 15 20:55:39 MST 2017
| Date         : Sun Nov 17 17:49:54 2019
| Host         : Lab-9999 running 64-bit major release  (build 9200)
| Command      : upgrade_ip
| Device       : xc7z020clg400-2
------------------------------------------------------------------------------------

Upgrade Log for IP 'system_ad7606_sample_0_0'

1. Summary
----------

SUCCESS in the upgrade of system_ad7606_sample_0_0 (xilinx.com:user:ad7606_sample:1.0) from (Rev. 62) to (Rev. 63)






Copyright 1986-2017 Xilinx, Inc. All Rights Reserved.
------------------------------------------------------------------------------------
| Tool Version : Vivado v.2017.4 (win64) Build 2086221 Fri Dec 15 20:55:39 MST 2017
| Date         : Fri Nov 15 16:15:36 2019
| Host         : Lab-9999 running 64-bit major release  (build 9200)
| Command      : upgrade_ip
| Device       : xc7z020clg400-2
------------------------------------------------------------------------------------

Upgrade Log for IP 'system_ad7606_sample_0_0'

1. Summary
----------

SUCCESS in the upgrade of system_ad7606_sample_0_0 (xilinx.com:user:ad7606_sample:1.0) from (Rev. 61) to (Rev. 62)






Copyright 1986-2017 Xilinx, Inc. All Rights Reserved.
------------------------------------------------------------------------------------
| Tool Version : Vivado v.2017.4 (win64) Build 2086221 Fri Dec 15 20:55:39 MST 2017
| Date         : Fri Nov 15 14:59:31 2019
| Host         : Lab-9999 running 64-bit major release  (build 9200)
| Command      : upgrade_ip
| Device       : xc7z020clg400-2
------------------------------------------------------------------------------------

Upgrade Log for IP 'system_ad7606_sample_0_0'

1. Summary
----------

SUCCESS in the upgrade of system_ad7606_sample_0_0 (xilinx.com:user:ad7606_sample:1.0) from (Rev. 60) to (Rev. 61)






Copyright 1986-2017 Xilinx, Inc. All Rights Reserved.
------------------------------------------------------------------------------------
| Tool Version : Vivado v.2017.4 (win64) Build 2086221 Fri Dec 15 20:55:39 MST 2017
| Date         : Thu Nov 14 13:40:39 2019
| Host         : Lab-9999 running 64-bit major release  (build 9200)
| Command      : upgrade_ip
| Device       : xc7z020clg400-2
------------------------------------------------------------------------------------

Upgrade Log for IP 'system_ad7606_sample_0_0'

1. Summary
----------

SUCCESS in the upgrade of system_ad7606_sample_0_0 (xilinx.com:user:ad7606_sample:1.0) from (Rev. 59) to (Rev. 60)






Copyright 1986-2017 Xilinx, Inc. All Rights Reserved.
------------------------------------------------------------------------------------
| Tool Version : Vivado v.2017.4 (win64) Build 2086221 Fri Dec 15 20:55:39 MST 2017
| Date         : Sun Nov 10 14:42:57 2019
| Host         : Lab-9999 running 64-bit major release  (build 9200)
| Command      : upgrade_ip
| Device       : xc7z020clg400-2
------------------------------------------------------------------------------------

Upgrade Log for IP 'system_ad7606_sample_0_0'

1. Summary
----------

SUCCESS in the upgrade of system_ad7606_sample_0_0 (xilinx.com:user:ad7606_sample:1.0) from (Rev. 58) to (Rev. 59)






Copyright 1986-2017 Xilinx, Inc. All Rights Reserved.
------------------------------------------------------------------------------------
| Tool Version : Vivado v.2017.4 (win64) Build 2086221 Fri Dec 15 20:55:39 MST 2017
| Date         : Thu Nov  7 15:50:11 2019
| Host         : Lab-9999 running 64-bit major release  (build 9200)
| Command      : upgrade_ip
| Device       : xc7z020clg400-2
------------------------------------------------------------------------------------

Upgrade Log for IP 'system_ad7606_sample_0_0'

1. Summary
----------

SUCCESS in the upgrade of system_ad7606_sample_0_0 (xilinx.com:user:ad7606_sample:1.0) from (Rev. 57) to (Rev. 58)






Copyright 1986-2017 Xilinx, Inc. All Rights Reserved.
------------------------------------------------------------------------------------
| Tool Version : Vivado v.2017.4 (win64) Build 2086221 Fri Dec 15 20:55:39 MST 2017
| Date         : Tue Nov  5 14:26:47 2019
| Host         : Lab-9999 running 64-bit major release  (build 9200)
| Command      : upgrade_ip
| Device       : xc7z020clg400-2
------------------------------------------------------------------------------------

Upgrade Log for IP 'system_ad7606_sample_0_0'

1. Summary
----------

SUCCESS in the upgrade of system_ad7606_sample_0_0 (xilinx.com:user:ad7606_sample:1.0) from (Rev. 56) to (Rev. 57)






Copyright 1986-2017 Xilinx, Inc. All Rights Reserved.
------------------------------------------------------------------------------------
| Tool Version : Vivado v.2017.4 (win64) Build 2086221 Fri Dec 15 20:55:39 MST 2017
| Date         : Mon Nov  4 19:01:42 2019
| Host         : Lab-9999 running 64-bit major release  (build 9200)
| Command      : upgrade_ip
| Device       : xc7z020clg400-2
------------------------------------------------------------------------------------

Upgrade Log for IP 'system_ad7606_sample_0_0'

1. Summary
----------

SUCCESS in the upgrade of system_ad7606_sample_0_0 (xilinx.com:user:ad7606_sample:1.0) from (Rev. 55) to (Rev. 56)






Copyright 1986-2017 Xilinx, Inc. All Rights Reserved.
------------------------------------------------------------------------------------
| Tool Version : Vivado v.2017.4 (win64) Build 2086221 Fri Dec 15 20:55:39 MST 2017
| Date         : Mon Nov  4 17:40:51 2019
| Host         : Lab-9999 running 64-bit major release  (build 9200)
| Command      : upgrade_ip
| Device       : xc7z020clg400-2
------------------------------------------------------------------------------------

Upgrade Log for IP 'system_ad7606_sample_0_0'

1. Summary
----------

SUCCESS in the upgrade of system_ad7606_sample_0_0 (xilinx.com:user:ad7606_sample:1.0) from (Rev. 54) to (Rev. 55)






Copyright 1986-2017 Xilinx, Inc. All Rights Reserved.
------------------------------------------------------------------------------------
| Tool Version : Vivado v.2017.4 (win64) Build 2086221 Fri Dec 15 20:55:39 MST 2017
| Date         : Mon Nov  4 14:36:26 2019
| Host         : Lab-9999 running 64-bit major release  (build 9200)
| Command      : upgrade_ip
| Device       : xc7z020clg400-2
------------------------------------------------------------------------------------

Upgrade Log for IP 'system_ad7606_sample_0_0'

1. Summary
----------

SUCCESS in the upgrade of system_ad7606_sample_0_0 (xilinx.com:user:ad7606_sample:1.0) from (Rev. 53) to (Rev. 54)






Copyright 1986-2017 Xilinx, Inc. All Rights Reserved.
------------------------------------------------------------------------------------
| Tool Version : Vivado v.2017.4 (win64) Build 2086221 Fri Dec 15 20:55:39 MST 2017
| Date         : Sun Nov  3 21:24:23 2019
| Host         : Lab-9999 running 64-bit major release  (build 9200)
| Command      : upgrade_ip
| Device       : xc7z020clg400-2
------------------------------------------------------------------------------------

Upgrade Log for IP 'system_ad7606_sample_0_0'

1. Summary
----------

SUCCESS in the upgrade of system_ad7606_sample_0_0 (xilinx.com:user:ad7606_sample:1.0) from (Rev. 52) to (Rev. 53)






Copyright 1986-2017 Xilinx, Inc. All Rights Reserved.
------------------------------------------------------------------------------------
| Tool Version : Vivado v.2017.4 (win64) Build 2086221 Fri Dec 15 20:55:39 MST 2017
| Date         : Sat Nov  2 15:18:46 2019
| Host         : Lab-9999 running 64-bit major release  (build 9200)
| Command      : upgrade_ip
| Device       : xc7z020clg400-2
------------------------------------------------------------------------------------

Upgrade Log for IP 'system_ad7606_sample_0_0'

1. Summary
----------

SUCCESS in the upgrade of system_ad7606_sample_0_0 (xilinx.com:user:ad7606_sample:1.0) from (Rev. 49) to (Rev. 52)






Copyright 1986-2017 Xilinx, Inc. All Rights Reserved.
------------------------------------------------------------------------------------
| Tool Version : Vivado v.2017.4 (win64) Build 2086221 Fri Dec 15 20:55:39 MST 2017
| Date         : Wed Oct 30 19:12:42 2019
| Host         : Lab-9999 running 64-bit major release  (build 9200)
| Command      : upgrade_ip
| Device       : xc7z020clg400-2
------------------------------------------------------------------------------------

Upgrade Log for IP 'system_ad7606_sample_0_0'

1. Summary
----------

SUCCESS in the upgrade of system_ad7606_sample_0_0 (xilinx.com:user:ad7606_sample:1.0) from (Rev. 48) to (Rev. 49)






Copyright 1986-2017 Xilinx, Inc. All Rights Reserved.
------------------------------------------------------------------------------------
| Tool Version : Vivado v.2017.4 (win64) Build 2086221 Fri Dec 15 20:55:39 MST 2017
| Date         : Tue Oct 29 17:05:55 2019
| Host         : Lab-9999 running 64-bit major release  (build 9200)
| Command      : upgrade_ip
| Device       : xc7z020clg400-2
------------------------------------------------------------------------------------

Upgrade Log for IP 'system_ad7606_sample_0_0'

1. Summary
----------

SUCCESS in the upgrade of system_ad7606_sample_0_0 (xilinx.com:user:ad7606_sample:1.0) from (Rev. 47) to (Rev. 48)






Copyright 1986-2017 Xilinx, Inc. All Rights Reserved.
------------------------------------------------------------------------------------
| Tool Version : Vivado v.2017.4 (win64) Build 2086221 Fri Dec 15 20:55:39 MST 2017
| Date         : Mon Oct 28 20:01:37 2019
| Host         : Lab-9999 running 64-bit major release  (build 9200)
| Command      : upgrade_ip
| Device       : xc7z020clg400-2
------------------------------------------------------------------------------------

Upgrade Log for IP 'system_ad7606_sample_0_0'

1. Summary
----------

SUCCESS in the upgrade of system_ad7606_sample_0_0 (xilinx.com:user:ad7606_sample:1.0) from (Rev. 46) to (Rev. 47)






Copyright 1986-2017 Xilinx, Inc. All Rights Reserved.
------------------------------------------------------------------------------------
| Tool Version : Vivado v.2017.4 (win64) Build 2086221 Fri Dec 15 20:55:39 MST 2017
| Date         : Mon Oct 28 19:38:18 2019
| Host         : Lab-9999 running 64-bit major release  (build 9200)
| Command      : upgrade_ip
| Device       : xc7z020clg400-2
------------------------------------------------------------------------------------

Upgrade Log for IP 'system_ad7606_sample_0_0'

1. Summary
----------

SUCCESS in the upgrade of system_ad7606_sample_0_0 (xilinx.com:user:ad7606_sample:1.0) from (Rev. 45) to (Rev. 46)






Copyright 1986-2017 Xilinx, Inc. All Rights Reserved.
------------------------------------------------------------------------------------
| Tool Version : Vivado v.2017.4 (win64) Build 2086221 Fri Dec 15 20:55:39 MST 2017
| Date         : Sun Oct 20 16:45:53 2019
| Host         : Lab-9999 running 64-bit major release  (build 9200)
| Command      : upgrade_ip
| Device       : xc7z020clg400-2
------------------------------------------------------------------------------------

Upgrade Log for IP 'system_ad7606_sample_0_0'

1. Summary
----------

SUCCESS in the upgrade of system_ad7606_sample_0_0 (xilinx.com:user:ad7606_sample:1.0) from (Rev. 44) to (Rev. 45)






Copyright 1986-2017 Xilinx, Inc. All Rights Reserved.
------------------------------------------------------------------------------------
| Tool Version : Vivado v.2017.4 (win64) Build 2086221 Fri Dec 15 20:55:39 MST 2017
| Date         : Sun Oct 20 15:53:38 2019
| Host         : Lab-9999 running 64-bit major release  (build 9200)
| Command      : upgrade_ip
| Device       : xc7z020clg400-2
------------------------------------------------------------------------------------

Upgrade Log for IP 'system_ad7606_sample_0_0'

1. Summary
----------

SUCCESS in the upgrade of system_ad7606_sample_0_0 (xilinx.com:user:ad7606_sample:1.0) from (Rev. 43) to (Rev. 44)






Copyright 1986-2017 Xilinx, Inc. All Rights Reserved.
------------------------------------------------------------------------------------
| Tool Version : Vivado v.2017.4 (win64) Build 2086221 Fri Dec 15 20:55:39 MST 2017
| Date         : Sat Oct 19 17:19:47 2019
| Host         : Lab-9999 running 64-bit major release  (build 9200)
| Command      : upgrade_ip
| Device       : xc7z020clg400-2
------------------------------------------------------------------------------------

Upgrade Log for IP 'system_ad7606_sample_0_0'

1. Summary
----------

SUCCESS in the upgrade of system_ad7606_sample_0_0 (xilinx.com:user:ad7606_sample:1.0) from (Rev. 42) to (Rev. 43)






Copyright 1986-2017 Xilinx, Inc. All Rights Reserved.
------------------------------------------------------------------------------------
| Tool Version : Vivado v.2017.4 (win64) Build 2086221 Fri Dec 15 20:55:39 MST 2017
| Date         : Sat Oct 19 13:15:42 2019
| Host         : Lab-9999 running 64-bit major release  (build 9200)
| Command      : upgrade_ip
| Device       : xc7z020clg400-2
------------------------------------------------------------------------------------

Upgrade Log for IP 'system_ad7606_sample_0_0'

1. Summary
----------

SUCCESS in the upgrade of system_ad7606_sample_0_0 (xilinx.com:user:ad7606_sample:1.0) from (Rev. 41) to (Rev. 42)






Copyright 1986-2017 Xilinx, Inc. All Rights Reserved.
------------------------------------------------------------------------------------
| Tool Version : Vivado v.2017.4 (win64) Build 2086221 Fri Dec 15 20:55:39 MST 2017
| Date         : Wed Oct 16 10:06:12 2019
| Host         : Lab-9999 running 64-bit major release  (build 9200)
| Command      : upgrade_ip
| Device       : xc7z020clg400-2
------------------------------------------------------------------------------------

Upgrade Log for IP 'system_ad7606_sample_0_0'

1. Summary
----------

SUCCESS in the upgrade of system_ad7606_sample_0_0 (xilinx.com:user:ad7606_sample:1.0) from (Rev. 40) to (Rev. 41)

