#-----------------------------------------------------------
# Vivado v2017.4 (64-bit)
# SW Build 2086221 on Fri Dec 15 20:55:39 MST 2017
# IP Build 2085800 on Fri Dec 15 22:25:07 MST 2017
# Start of session at: Sun Nov 24 11:49:33 2019
# Process ID: 11760
# Current directory: C:/Users/DELL/Desktop/glitchfilter_4_4_2gate_dmatimeout/Miz_sys
# Command line: vivado.exe -gui_launcher_event rodinguilauncherevent4332 C:\Users\DELL\Desktop\glitchfilter_4_4_2gate_dmatimeout\Miz_sys\Miz_sys.xpr
# Log file: C:/Users/DELL/Desktop/glitchfilter_4_4_2gate_dmatimeout/Miz_sys/vivado.log
# Journal file: C:/Users/DELL/Desktop/glitchfilter_4_4_2gate_dmatimeout/Miz_sys\vivado.jou
#-----------------------------------------------------------
start_gui
open_project C:/Users/DELL/Desktop/glitchfilter_4_4_2gate_dmatimeout/Miz_sys/Miz_sys.xpr
INFO: [Project 1-313] Project file moved from 'E:/Shuai666/IP_test/glitchfilter_4_4_2gate_dmatimeout/Miz_sys' since last save.
Scanning sources...
Finished scanning sources
INFO: [IP_Flow 19-234] Refreshing IP repositories
INFO: [IP_Flow 19-1700] Loaded user IP repository 'c:/Users/DELL/Desktop/glitchfilter_4_4_2gate_dmatimeout/repo'.
INFO: [IP_Flow 19-2313] Loaded Vivado IP repository 'F:/Xilinx/Vivado/Vivado/2017.4/data/ip'.
open_project: Time (s): cpu = 00:00:38 ; elapsed = 00:00:49 . Memory (MB): peak = 824.797 ; gain = 212.180
update_compile_order -fileset sources_1
INFO: [Vivado 12-4158] Exported Hardware file is out of date. Exported hardware information may be inconsistent with respect to the current state of the design. It is recommended that you re-export the design and launch SDK otherwise SDK is launched with out of date hardware system file.
launch_sdk -workspace C:/Users/DELL/Desktop/glitchfilter_4_4_2gate_dmatimeout/Miz_sys/Miz_sys.sdk -hwspec C:/Users/DELL/Desktop/glitchfilter_4_4_2gate_dmatimeout/Miz_sys/Miz_sys.sdk/system_wrapper.hdf
INFO: [Vivado 12-393] Launching SDK...
INFO: [Vivado 12-417] Running xsdk -workspace C:/Users/DELL/Desktop/glitchfilter_4_4_2gate_dmatimeout/Miz_sys/Miz_sys.sdk -hwspec C:/Users/DELL/Desktop/glitchfilter_4_4_2gate_dmatimeout/Miz_sys/Miz_sys.sdk/system_wrapper.hdf
INFO: [Vivado 12-3157] SDK launch initiated. Please check console for any further messages.
exit
INFO: [Common 17-206] Exiting Vivado at Sun Nov 24 12:07:22 2019...
