#-----------------------------------------------------------
# Vivado v2017.4 (64-bit)
# SW Build 2086221 on Fri Dec 15 20:55:39 MST 2017
# IP Build 2085800 on Fri Dec 15 22:25:07 MST 2017
# Start of session at: Sat Nov 23 22:18:38 2019
# Process ID: 126040
# Current directory: G:/glitchfilter_4_4_2gate_dmatimeout/Miz_sys
# Command line: vivado.exe -gui_launcher_event rodinguilauncherevent126620 G:\glitchfilter_4_4_2gate_dmatimeout\Miz_sys\Miz_sys.xpr
# Log file: G:/glitchfilter_4_4_2gate_dmatimeout/Miz_sys/vivado.log
# Journal file: G:/glitchfilter_4_4_2gate_dmatimeout/Miz_sys\vivado.jou
#-----------------------------------------------------------
start_gui
open_project G:/glitchfilter_4_4_2gate_dmatimeout/Miz_sys/Miz_sys.xpr
INFO: [Project 1-313] Project file moved from 'E:/Shuai666/IP_test/glitchfilter_4_4_2gate_dmatimeout/Miz_sys' since last save.
Scanning sources...
Finished scanning sources
INFO: [IP_Flow 19-234] Refreshing IP repositories
INFO: [IP_Flow 19-1700] Loaded user IP repository 'g:/glitchfilter_4_4_2gate_dmatimeout/repo'.
INFO: [IP_Flow 19-2313] Loaded Vivado IP repository 'D:/Software/V2017/Vivado/2017.4/data/ip'.
open_project: Time (s): cpu = 00:00:17 ; elapsed = 00:00:13 . Memory (MB): peak = 898.598 ; gain = 188.273
update_compile_order -fileset sources_1
INFO: [Vivado 12-4158] Exported Hardware file is out of date. Exported hardware information may be inconsistent with respect to the current state of the design. It is recommended that you re-export the design and launch SDK otherwise SDK is launched with out of date hardware system file.
launch_sdk -workspace G:/glitchfilter_4_4_2gate_dmatimeout/Miz_sys/Miz_sys.sdk -hwspec G:/glitchfilter_4_4_2gate_dmatimeout/Miz_sys/Miz_sys.sdk/system_wrapper.hdf
INFO: [Vivado 12-393] Launching SDK...
INFO: [Vivado 12-417] Running xsdk -workspace G:/glitchfilter_4_4_2gate_dmatimeout/Miz_sys/Miz_sys.sdk -hwspec G:/glitchfilter_4_4_2gate_dmatimeout/Miz_sys/Miz_sys.sdk/system_wrapper.hdf
INFO: [Vivado 12-3157] SDK launch initiated. Please check console for any further messages.
exit
INFO: [Common 17-206] Exiting Vivado at Sat Nov 23 22:20:29 2019...
